TN:
SF:src\auth\ProtectedRoute.tsx
FN:10,ProtectedRoute
FN:21,(anonymous_1)
FNF:2
FNH:1
FNDA:2,ProtectedRoute
FNDA:0,(anonymous_1)
DA:11,2
DA:12,2
DA:15,2
DA:16,1
DA:20,1
DA:21,0
DA:22,0
DA:25,1
LF:8
LH:6
BRDA:15,0,0,1
BRDA:15,0,1,1
BRDA:20,1,0,0
BRDA:20,1,1,1
BRDA:20,2,0,1
BRDA:20,2,1,0
BRDA:22,3,0,0
BRDA:22,3,1,0
BRF:8
BRH:4
end_of_record
TN:
SF:src\components\Badge.tsx
FN:3,Badge
FNF:1
FNH:1
FNDA:2,Badge
DA:4,2
DA:6,2
DA:8,2
DA:15,2
LF:4
LH:4
BRDA:4,0,0,2
BRDA:4,0,1,0
BRF:2
BRH:1
end_of_record
TN:
SF:src\components\Button.tsx
FN:10,Button
FNF:1
FNH:1
FNDA:52,Button
DA:16,52
DA:18,52
DA:26,52
LF:3
LH:3
BRDA:12,0,0,52
BRF:1
BRH:1
end_of_record
TN:
SF:src\components\Card.tsx
FN:6,Card
FNF:1
FNH:1
FNDA:34,Card
DA:7,34
LF:1
LH:1
BRF:0
BRH:0
end_of_record
TN:
SF:src\components\Input.tsx
FN:6,Input
FNF:1
FNH:1
FNDA:25,Input
DA:7,25
LF:1
LH:1
BRF:0
BRH:0
end_of_record
TN:
SF:src\pages\Dashboard.tsx
FN:6,Dashboard
FN:9,(anonymous_1)
FN:10,(anonymous_2)
FN:29,Stat
FNF:4
FNH:4
FNDA:3,Dashboard
FNDA:2,(anonymous_1)
FNDA:2,(anonymous_2)
FNDA:9,Stat
DA:7,3
DA:9,3
DA:10,2
DA:11,2
DA:12,2
DA:13,1
DA:15,1
DA:20,3
DA:30,9
LF:9
LH:9
BRF:0
BRH:0
end_of_record
TN:
SF:src\pages\Login.tsx
FN:5,Login
FN:14,onSubmit
FN:51,(anonymous_2)
FN:66,(anonymous_3)
FNF:4
FNH:4
FNDA:36,Login
FNDA:4,onSubmit
FNDA:14,(anonymous_2)
FNDA:8,(anonymous_3)
DA:6,36
DA:7,36
DA:9,36
DA:10,36
DA:11,36
DA:12,36
DA:15,4
DA:16,4
DA:17,4
DA:18,4
DA:19,4
DA:20,2
DA:22,2
DA:24,4
DA:28,36
DA:51,14
DA:66,8
LF:17
LH:17
BRDA:22,0,0,2
BRDA:22,0,1,1
BRDA:72,1,0,36
BRDA:72,1,1,2
BRDA:82,2,0,4
BRDA:82,2,1,32
BRF:6
BRH:6
end_of_record
TN:
SF:src\pages\Tickets.tsx
FN:12,TicketsPage
FN:23,load
FN:41,(anonymous_2)
FN:47,(anonymous_3)
FN:49,onCreate
FN:52,(anonymous_5)
FN:60,quickNextStatus
FN:66,(anonymous_7)
FN:67,(anonymous_8)
FN:91,(anonymous_9)
FN:108,(anonymous_10)
FN:115,(anonymous_11)
FN:118,(anonymous_12)
FN:153,(anonymous_13)
FN:173,(anonymous_14)
FN:195,(anonymous_15)
FN:202,nextStatus
FN:209,PriorityChip
FNF:18
FNH:11
FNDA:10,TicketsPage
FNDA:4,load
FNDA:4,(anonymous_2)
FNDA:8,(anonymous_3)
FNDA:1,onCreate
FNDA:1,(anonymous_5)
FNDA:0,quickNextStatus
FNDA:0,(anonymous_7)
FNDA:0,(anonymous_8)
FNDA:1,(anonymous_9)
FNDA:0,(anonymous_10)
FNDA:50,(anonymous_11)
FNDA:0,(anonymous_12)
FNDA:2,(anonymous_13)
FNDA:0,(anonymous_14)
FNDA:0,(anonymous_15)
FNDA:2,nextStatus
FNDA:2,PriorityChip
DA:13,10
DA:16,10
DA:17,10
DA:20,10
DA:21,10
DA:24,4
DA:25,4
DA:26,4
DA:33,3
DA:35,1
DA:37,4
DA:41,10
DA:42,4
DA:47,10
DA:50,1
DA:51,1
DA:52,1
DA:53,1
DA:54,1
DA:56,0
DA:61,0
DA:62,0
DA:64,0
DA:65,0
DA:66,0
DA:67,0
DA:69,0
DA:71,0
DA:75,10
DA:91,1
DA:108,0
DA:116,50
DA:118,0
DA:154,2
DA:173,0
DA:195,0
DA:203,2
DA:204,0
DA:205,0
DA:206,0
DA:210,2
DA:216,2
LF:42
LH:26
BRDA:35,0,0,1
BRDA:35,0,1,1
BRDA:56,1,0,0
BRDA:56,1,1,0
BRDA:62,2,0,0
BRDA:62,2,1,0
BRDA:67,3,0,0
BRDA:67,3,1,0
BRDA:71,4,0,0
BRDA:71,4,1,0
BRDA:121,5,0,10
BRDA:121,5,1,40
BRDA:146,6,0,4
BRDA:146,6,1,6
BRDA:185,7,0,10
BRDA:185,7,1,6
BRDA:185,7,2,4
BRDA:203,8,0,2
BRDA:203,8,1,0
BRDA:204,9,0,0
BRDA:204,9,1,0
BRDA:205,10,0,0
BRDA:205,10,1,0
BRF:23
BRH:10
end_of_record
TN:
SF:src\pages\Unauthorized.tsx
FN:3,Unauthorized
FNF:1
FNH:1
FNDA:1,Unauthorized
DA:4,1
LF:1
LH:1
BRF:0
BRH:0
end_of_record
TN:
SF:src\pages\tickets\CreateTicketModal.tsx
FN:13,CreateTicketModal
FN:17,(anonymous_1)
FN:18,onEsc
FN:22,(anonymous_3)
FN:50,(anonymous_4)
FN:58,(anonymous_5)
FN:61,(anonymous_6)
FN:80,(anonymous_7)
FNF:8
FNH:7
FNDA:25,CreateTicketModal
FNDA:14,(anonymous_1)
FNDA:10,onEsc
FNDA:14,(anonymous_3)
FNDA:10,(anonymous_4)
FNDA:45,(anonymous_5)
FNDA:0,(anonymous_6)
FNDA:2,(anonymous_7)
DA:14,25
DA:15,25
DA:17,25
DA:19,10
DA:21,14
DA:22,14
DA:25,25
DA:27,15
DA:50,10
DA:59,45
DA:61,0
DA:81,2
DA:82,1
DA:83,1
DA:84,1
LF:15
LH:14
BRDA:19,0,0,0
BRDA:19,0,1,10
BRDA:21,1,0,4
BRDA:21,1,1,10
BRDA:25,2,0,10
BRDA:25,2,1,15
BRDA:64,3,0,15
BRDA:64,3,1,30
BRDA:81,4,0,1
BRDA:81,4,1,1
BRF:10
BRH:9
end_of_record
TN:
SF:src\utils\cn.ts
FN:4,cn
FNF:1
FNH:1
FNDA:111,cn
DA:5,111
LF:1
LH:1
BRF:0
BRH:0
end_of_record
